253,0    6        1     0.000000000 17543  Q  RA 8518280 + 256 [python3]
253,0    6        2     0.002435395     0  C  RA 8518280 + 256 [0]
253,0    7        1     0.560959816 17543  Q  RA 8518536 + 256 [python3]
253,0    6        3     0.563478370     0  C  RA 8518536 + 256 [0]
253,0    6        4     1.115441592     0  C  RA 8518792 + 256 [0]
253,0    4        1     1.112847186 17543  Q  RA 8518792 + 256 [python3]
253,0    3        1     1.648280086 17543  Q  RA 8519048 + 256 [python3]
253,0    6        5     1.650816988     0  C  RA 8519048 + 256 [0]
253,0    6        6     2.189538456     0  C  RA 8519304 + 256 [0]
253,0    0        1     2.187140723 17543  Q  RA 8519304 + 256 [python3]
253,0    6        7     2.543126647     0  C   W 17402744 + 1120 [0]
253,0    6        8     2.543141773     0  C   W 3195416 + 8 [0]
253,0    6        9     2.543149266     0  C   W 3194896 + 8 [0]
253,0    5        1     2.539809732  3095  Q   W 17402744 + 1120 [postgres]
253,0    5        2     2.541161352  3095  Q   W 3195416 + 8 [postgres]
253,0    5        3     2.541560077  3095  Q   W 3194896 + 8 [postgres]
253,0    7        2     2.691632644 17543  Q  RA 8519560 + 256 [python3]
253,0    6       10     2.692287351     0  C  RA 8519560 + 256 [0]
253,0    1        1     3.230855390 17543  Q  RA 8519816 + 256 [python3]
253,0    2        1     3.229107027   746  Q  WS 24727384 + 8 [jbd2/dm-0-8]
253,0    2        2     3.229159158   746  Q  WS 24727392 + 8 [jbd2/dm-0-8]
253,0    2        3     3.229188719   746  Q  WS 24727400 + 8 [jbd2/dm-0-8]
253,0    2        4     3.229216702   746  Q  WS 24727408 + 8 [jbd2/dm-0-8]
253,0    2        5     3.229244898   746  Q  WS 24727416 + 8 [jbd2/dm-0-8]
253,0    2        6     3.229272761   746  Q  WS 24727424 + 8 [jbd2/dm-0-8]
253,0    2        7     3.229300908   746  Q  WS 24727432 + 8 [jbd2/dm-0-8]
253,0    2        8     3.229329000   746  Q  WS 24727440 + 8 [jbd2/dm-0-8]
253,0    2        9     3.229356519   746  Q  WS 24727448 + 8 [jbd2/dm-0-8]
253,0    2       10     3.229402034   746  Q  WS 24727456 + 8 [jbd2/dm-0-8]
253,0    2       11     3.229452084   746  Q  WS 24727464 + 8 [jbd2/dm-0-8]
253,0    2       12     3.229501168   746  Q  WS 24727472 + 8 [jbd2/dm-0-8]
253,0    2       13     3.229544051   746  Q  WS 24727480 + 8 [jbd2/dm-0-8]
253,0    2       14     3.229593227   746  Q  WS 24727488 + 8 [jbd2/dm-0-8]
253,0    2       15     3.229633902   746  Q  WS 24727496 + 8 [jbd2/dm-0-8]
253,0    2       16     3.229673981   746  Q  WS 24727504 + 8 [jbd2/dm-0-8]
253,0    2       17     3.229722564   746  Q  WS 24727512 + 8 [jbd2/dm-0-8]
253,0    6       11     3.232151495  1148  C  WS 24727384 + 8 [0]
253,0    6       12     3.232171251  1148  C  WS 24727392 + 8 [0]
253,0    6       13     3.232190496  1148  C  WS 24727400 + 8 [0]
253,0    6       14     3.232206917  1148  C  WS 24727408 + 8 [0]
253,0    6       15     3.232226984  1148  C  WS 24727416 + 8 [0]
253,0    6       16     3.232247474  1148  C  WS 24727424 + 8 [0]
253,0    6       17     3.232267257  1148  C  WS 24727432 + 8 [0]
253,0    6       18     3.232288323  1148  C  WS 24727440 + 8 [0]
253,0    6       19     3.232308577  1148  C  WS 24727448 + 8 [0]
253,0    6       20     3.232383657  1148  C  WS 24727456 + 8 [0]
253,0    6       21     3.232403985  1148  C  WS 24727464 + 8 [0]
253,0    6       22     3.232420175  1148  C  WS 24727472 + 8 [0]
253,0    6       23     3.232432062  1148  C  WS 24727480 + 8 [0]
253,0    6       24     3.232443158  1148  C  WS 24727488 + 8 [0]
253,0    6       25     3.232454278  1148  C  WS 24727496 + 8 [0]
253,0    6       26     3.232465313  1148  C  WS 24727504 + 8 [0]
253,0    6       27     3.232476958  1148  C  WS 24727512 + 8 [0]
253,0    6       28     3.232542754  1148  C  RA 8519816 + 256 [0]
253,0    2       18     3.232756423   746  Q FWFS 24727520 + 8 [jbd2/dm-0-8]
253,0    6       29     3.234350636     0  C WFS 24727520 + 8 [0]
253,0    7        3     3.822029860 17543  Q  RA 8520072 + 256 [python3]
253,0    6       30     3.824550907     0  C  RA 8520072 + 256 [0]
253,0    6       31     4.360832302     0  C  RA 8520328 + 256 [0]
253,0    5        4     4.358321402 17543  Q  RA 8520328 + 256 [python3]
253,0    6       32     4.952253843 17543  Q  RA 8520584 + 256 [python3]
253,0    6       33     4.954777512     0  C  RA 8520584 + 256 [0]
253,0    1        2     5.542381822 17543  Q  RA 8520840 + 256 [python3]
253,0    6       34     5.544923038     0  C  RA 8520840 + 256 [0]
253,0    1        3     6.117024305 17543  Q  RA 8521096 + 256 [python3]
253,0    6       35     6.120534872     0  C  RA 8521096 + 256 [0]
253,0    6       36     6.714559069     0  C  RA 8521352 + 256 [0]
253,0    5        5     6.712035636 17543  Q  RA 8521352 + 256 [python3]
253,0    7        4     6.976899706  3095  Q   W 3195072 + 16 [postgres]
253,0    7        5     6.977546802  3095  Q   W 3195408 + 8 [postgres]
253,0    7        6     6.977989023  3095  Q   W 3195088 + 8 [postgres]
253,0    6       37     6.946891408     0  C   W 3194904 + 8 [0]
253,0    6       38     6.947884506     0  C   W 3195040 + 8 [0]
253,0    6       39     6.977020175     0  C   W 3195072 + 16 [0]
253,0    6       40     6.977642663     0  C   W 3195408 + 8 [0]
253,0    6       41     6.978094894     0  C   W 3195088 + 8 [0]
253,0    5        6     6.946651531  3095  Q   W 3194904 + 8 [postgres]
253,0    5        7     6.947747725  3095  Q   W 3195040 + 8 [postgres]
253,0    1        4     7.264804139 17543  Q  RA 8521608 + 256 [python3]
253,0    6       42     7.265453335 65616  C  RA 8521608 + 256 [0]
253,0    3        2     7.827351366 17543  Q  RA 8521864 + 256 [python3]
253,0    6       43     7.829831056     0  C  RA 8521864 + 256 [0]
253,0    6       44     8.358230993 17543  Q  RA 8522120 + 256 [python3]
253,0    6       45     8.360694079     0  C  RA 8522120 + 256 [0]
253,0    2       19     8.911897237   746  Q  WS 24727528 + 8 [jbd2/dm-0-8]
253,0    2       20     8.911949344   746  Q  WS 24727536 + 8 [jbd2/dm-0-8]
253,0    2       21     8.911978834   746  Q  WS 24727544 + 8 [jbd2/dm-0-8]
253,0    2       22     8.912006685   746  Q  WS 24727552 + 8 [jbd2/dm-0-8]
253,0    2       23     8.912035327   746  Q  WS 24727560 + 8 [jbd2/dm-0-8]
253,0    2       24     8.912063641   746  Q  WS 24727568 + 8 [jbd2/dm-0-8]
253,0    2       25     8.912091285   746  Q  WS 24727576 + 8 [jbd2/dm-0-8]
253,0    2       26     8.912119676   746  Q  WS 24727584 + 8 [jbd2/dm-0-8]
253,0    2       27     8.912148458   746  Q  WS 24727592 + 8 [jbd2/dm-0-8]
253,0    2       28     8.912176483   746  Q  WS 24727600 + 8 [jbd2/dm-0-8]
253,0    2       29     8.912205370   746  Q  WS 24727608 + 8 [jbd2/dm-0-8]
253,0    2       30     8.912233126   746  Q  WS 24727616 + 8 [jbd2/dm-0-8]
253,0    2       31     8.912261180   746  Q  WS 24727624 + 8 [jbd2/dm-0-8]
253,0    2       32     8.912289112   746  Q  WS 24727632 + 8 [jbd2/dm-0-8]
253,0    2       33     8.912316551   746  Q  WS 24727640 + 8 [jbd2/dm-0-8]
253,0    2       34     8.912344796   746  Q  WS 24727648 + 8 [jbd2/dm-0-8]
253,0    2       35     8.914949876   746  Q FWFS 24727656 + 8 [jbd2/dm-0-8]
253,0    6       46     8.914517082  7207  C  WS 24727528 + 8 [0]
253,0    6       47     8.914528921  7207  C  WS 24727536 + 8 [0]
253,0    6       48     8.914540128  7207  C  WS 24727544 + 8 [0]
253,0    6       49     8.914551919  7207  C  WS 24727552 + 8 [0]
253,0    6       50     8.914563195  7207  C  WS 24727560 + 8 [0]
253,0    6       51     8.914574544  7207  C  WS 24727568 + 8 [0]
253,0    6       52     8.914585593  7207  C  WS 24727576 + 8 [0]
253,0    6       53     8.914597218  7207  C  WS 24727584 + 8 [0]
253,0    6       54     8.914608475  7207  C  WS 24727592 + 8 [0]
253,0    6       55     8.914619492  7207  C  WS 24727600 + 8 [0]
253,0    6       56     8.914630539  7207  C  WS 24727608 + 8 [0]
253,0    6       57     8.914642110  7207  C  WS 24727616 + 8 [0]
253,0    6       58     8.914653505  7207  C  WS 24727624 + 8 [0]
253,0    6       59     8.914664545  7207  C  WS 24727632 + 8 [0]
253,0    6       60     8.914675706  7207  C  WS 24727640 + 8 [0]
253,0    6       61     8.914687165  7207  C  WS 24727648 + 8 [0]
253,0    6       62     8.916635246     0  C WFS 24727656 + 8 [0]
253,0    2       36     8.975745719 17543  Q  RA 8522376 + 256 [python3]
253,0    1        5     8.957431910 68837  Q  WS 31196672 + 304 [redis-server]
253,0    6       63     8.957893451     0  C  WS 31196672 + 304 [0]
253,0    6       64     8.958450098   746  Q  WS 24727664 + 8 [jbd2/dm-0-8]
253,0    6       65     8.958479732   746  Q  WS 24727672 + 8 [jbd2/dm-0-8]
253,0    6       66     8.958499771   746  Q  WS 24727680 + 8 [jbd2/dm-0-8]
253,0    6       67     8.958518166   746  Q  WS 24727688 + 8 [jbd2/dm-0-8]
253,0    6       68     8.958536765   746  Q  WS 24727696 + 8 [jbd2/dm-0-8]
253,0    6       69     8.958555170   746  Q  WS 24727704 + 8 [jbd2/dm-0-8]
253,0    6       70     8.958574166   746  Q  WS 24727712 + 8 [jbd2/dm-0-8]
253,0    6       71     8.958592653   746  Q  WS 24727720 + 8 [jbd2/dm-0-8]
253,0    6       72     8.958611028   746  Q  WS 24727728 + 8 [jbd2/dm-0-8]
253,0    6       73     8.958758443     0  C  WS 24727664 + 8 [0]
253,0    6       74     8.958765703     0  C  WS 24727672 + 8 [0]
253,0    6       75     8.958772797     0  C  WS 24727680 + 8 [0]
253,0    6       76     8.958779700     0  C  WS 24727688 + 8 [0]
253,0    6       77     8.958786920     0  C  WS 24727696 + 8 [0]
253,0    6       78     8.958793875     0  C  WS 24727704 + 8 [0]
253,0    6       79     8.958800780     0  C  WS 24727712 + 8 [0]
253,0    6       80     8.958807778     0  C  WS 24727720 + 8 [0]
253,0    6       81     8.958814764     0  C  WS 24727728 + 8 [0]
253,0    6       82     8.958926186   746  Q FWFS 24727736 + 8 [jbd2/dm-0-8]
253,0    6       83     8.960561680     0  C WFS 24727736 + 8 [0]
253,0    6       84     8.976243387     0  C  RA 8522376 + 256 [0]
253,0    7        7     9.591802992 17543  Q  RA 8522632 + 256 [python3]
253,0    6       85     9.594463529     0  C  RA 8522632 + 256 [0]
253,0    3        3    10.165222772 17543  Q  RA 8522888 + 256 [python3]
253,0    6       86    10.167795575     0  C  RA 8522888 + 256 [0]
253,0    0        2    10.759889587 17543  Q  RA 8523144 + 256 [python3]
253,0    6       87    10.762522060     0  C  RA 8523144 + 256 [0]
253,0    2       37    11.336290842 17543  Q  RA 8523400 + 256 [python3]
253,0    6       88    11.338727641     0  C  RA 8523400 + 256 [0]
253,0    1        6    11.902251449 17543  Q  RA 8523656 + 256 [python3]
253,0    6       89    11.904803498     0  C  RA 8523656 + 256 [0]
253,0    3        4    12.448069110 17543  Q  RA 8523912 + 256 [python3]
253,0    6       90    12.450672780     0  C  RA 8523912 + 256 [0]
253,0    2       38    13.050276773 17543  Q  RA 8524168 + 256 [python3]
253,0    6       91    13.052790514     0  C  RA 8524168 + 256 [0]
253,0    6       92    13.639672325 17543  Q  RA 8524424 + 256 [python3]
253,0    6       93    13.642190240     0  C  RA 8524424 + 256 [0]
253,0    7        8    13.797262421  3095  Q   W 17401624 + 1120 [postgres]
253,0    7        9    13.798066157  3095  Q   W 3195040 + 8 [postgres]
253,0    7       10    13.798268650  3095  Q   W 3195096 + 8 [postgres]
253,0    6       94    13.798476263     0  C   W 17401624 + 1120 [0]
253,0    6       95    13.798486733     0  C   W 3195040 + 8 [0]
253,0    6       96    13.798494173     0  C   W 3195096 + 8 [0]
253,0    3        5    14.153041054 17543  Q  RA 8524680 + 256 [python3]
253,0    6       97    14.155732983     0  C  RA 8524680 + 256 [0]
253,0    3        6    14.730203120 17543  Q  RA 8524936 + 256 [python3]
253,0    6       98    14.732662230 68739  C  RA 8524936 + 256 [0]
253,0    6       99    15.016411803   746  Q  WS 24727744 + 8 [jbd2/dm-0-8]
253,0    6      100    15.016437142   746  Q  WS 24727752 + 8 [jbd2/dm-0-8]
253,0    6      101    15.016451272   746  Q  WS 24727760 + 8 [jbd2/dm-0-8]
253,0    6      102    15.016496914   746  Q  WS 24727768 + 8 [jbd2/dm-0-8]
253,0    6      103    15.016512008   746  Q  WS 24727776 + 8 [jbd2/dm-0-8]
253,0    6      104    15.016525540   746  Q  WS 24727784 + 8 [jbd2/dm-0-8]
253,0    6      105    15.016539019   746  Q  WS 24727792 + 8 [jbd2/dm-0-8]
253,0    6      106    15.016552721   746  Q  WS 24727800 + 8 [jbd2/dm-0-8]
253,0    6      107    15.016566540   746  Q  WS 24727808 + 8 [jbd2/dm-0-8]
253,0    6      108    15.016580391   746  Q  WS 24727816 + 8 [jbd2/dm-0-8]
253,0    6      109    15.016593991   746  Q  WS 24727824 + 8 [jbd2/dm-0-8]
253,0    6      110    15.016607368   746  Q  WS 24727832 + 8 [jbd2/dm-0-8]
253,0    6      111    15.016652908   746  Q  WS 24727840 + 8 [jbd2/dm-0-8]
253,0    6      112    15.016667085   746  Q  WS 24727848 + 8 [jbd2/dm-0-8]
253,0    6      113    15.016680756   746  Q  WS 24727856 + 8 [jbd2/dm-0-8]
253,0    6      114    15.016694524   746  Q  WS 24727864 + 8 [jbd2/dm-0-8]
253,0    6      115    15.016707255   746  Q  WS 24727872 + 8 [jbd2/dm-0-8]
253,0    6      116    15.016721712   746  Q  WS 24727880 + 8 [jbd2/dm-0-8]
253,0    6      117    15.016738229   746  Q  WS 24727888 + 8 [jbd2/dm-0-8]
253,0    6      118    15.016753088   746  Q  WS 24727896 + 8 [jbd2/dm-0-8]
253,0    6      119    15.016767627   746  Q  WS 24727904 + 8 [jbd2/dm-0-8]
253,0    6      120    15.017029021     0  C  WS 24727744 + 8 [0]
253,0    6      121    15.017032113     0  C  WS 24727752 + 8 [0]
253,0    6      122    15.017035341     0  C  WS 24727760 + 8 [0]
253,0    6      123    15.017038458     0  C  WS 24727768 + 8 [0]
253,0    6      124    15.017041624     0  C  WS 24727776 + 8 [0]
253,0    6      125    15.017044763     0  C  WS 24727784 + 8 [0]
253,0    6      126    15.017048049     0  C  WS 24727792 + 8 [0]
253,0    6      127    15.017050971     0  C  WS 24727800 + 8 [0]
253,0    6      128    15.017053934     0  C  WS 24727808 + 8 [0]
253,0    6      129    15.017057084     0  C  WS 24727816 + 8 [0]
253,0    6      130    15.017060115     0  C  WS 24727824 + 8 [0]
253,0    6      131    15.017063105     0  C  WS 24727832 + 8 [0]
253,0    6      132    15.017066204     0  C  WS 24727840 + 8 [0]
253,0    6      133    15.017069241     0  C  WS 24727848 + 8 [0]
253,0    6      134    15.017072242     0  C  WS 24727856 + 8 [0]
253,0    6      135    15.017075219     0  C  WS 24727864 + 8 [0]
253,0    6      136    15.017078212     0  C  WS 24727872 + 8 [0]
253,0    6      137    15.017081237     0  C  WS 24727880 + 8 [0]
253,0    6      138    15.017084278     0  C  WS 24727888 + 8 [0]
253,0    6      139    15.017087164     0  C  WS 24727896 + 8 [0]
253,0    6      140    15.017090163     0  C  WS 24727904 + 8 [0]
253,0    6      141    15.017147827   746  Q FWFS 24727912 + 8 [jbd2/dm-0-8]
253,0    6      142    15.018364228     0  C WFS 24727912 + 8 [0]
253,0    2       39    15.313830131 17543  Q  RA 8525192 + 256 [python3]
253,0    6      143    15.314476571     0  C  RA 8525192 + 256 [0]
253,0    6      144    15.898961956 17543  Q  RA 8525448 + 256 [python3]
253,0    6      145    15.901602758     0  C  RA 8525448 + 256 [0]
253,0    1        7    16.079513462 68552  Q   W 0 + 8 [kworker/u16:2]
253,0    1        8    16.079575690 68552  Q  WM 8 + 8 [kworker/u16:2]
253,0    1        9    16.079614617 68552  Q  WM 16 + 8 [kworker/u16:2]
253,0    1       10    16.079653008 68552  Q  WM 8600 + 8 [kworker/u16:2]
253,0    1       11    16.079697297 68552  Q  WM 8632 + 8 [kworker/u16:2]
253,0    1       12    16.079743571 68552  Q  WM 8640 + 8 [kworker/u16:2]
253,0    1       13    16.079780517 68552  Q  WM 8800 + 8 [kworker/u16:2]
253,0    1       14    16.079828010 68552  Q  WM 8808 + 8 [kworker/u16:2]
253,0    1       15    16.079866311 68552  Q  WM 8824 + 8 [kworker/u16:2]
253,0    1       16    16.079915218 68552  Q  WM 9480 + 8 [kworker/u16:2]
253,0    1       17    16.079964033 68552  Q  WM 11384 + 8 [kworker/u16:2]
253,0    1       18    16.080013384 68552  Q  WM 11440 + 8 [kworker/u16:2]
253,0    1       19    16.080064718 68552  Q  WM 11448 + 8 [kworker/u16:2]
253,0    1       20    16.080101627 68552  Q  WM 11456 + 8 [kworker/u16:2]
253,0    1       21    16.080138456 68552  Q  WM 11512 + 8 [kworker/u16:2]
253,0    1       22    16.080207226 68552  Q  WM 11528 + 8 [kworker/u16:2]
253,0    1       23    16.080259702 68552  Q  WM 11720 + 8 [kworker/u16:2]
253,0    1       24    16.080362556 68552  Q  WM 11992 + 8 [kworker/u16:2]
253,0    1       25    16.080491918 68552  Q  WM 12024 + 8 [kworker/u16:2]
253,0    1       26    16.080549306 68552  Q  WM 13304 + 8 [kworker/u16:2]
253,0    1       27    16.080606736 68552  Q  WM 13312 + 8 [kworker/u16:2]
253,0    1       28    16.080645024 68552  Q  WM 16777232 + 8 [kworker/u16:2]
253,0    1       29    16.080704307 68552  Q  WM 20078376 + 8 [kworker/u16:2]
253,0    1       30    16.080766720 68552  Q  WM 20083912 + 8 [kworker/u16:2]
253,0    6      146    16.081340913     0  C   W 0 + 8 [0]
253,0    6      147    16.081363839     0  C  WM 8 + 8 [0]
253,0    6      148    16.081380613     0  C  WM 16 + 8 [0]
253,0    6      149    16.081415636     0  C  WM 8600 + 8 [0]
253,0    6      150    16.081445693     0  C  WM 8632 + 8 [0]
253,0    6      151    16.081461911     0  C  WM 8640 + 8 [0]
253,0    6      152    16.081490264     0  C  WM 8800 + 8 [0]
253,0    6      153    16.081506554     0  C  WM 8808 + 8 [0]
253,0    6      154    16.081534013     0  C  WM 8824 + 8 [0]
253,0    6      155    16.081561449     0  C  WM 9480 + 8 [0]
253,0    6      156    16.081589592     0  C  WM 11384 + 8 [0]
253,0    6      157    16.081651926    48  C  WM 11440 + 8 [0]
253,0    6      158    16.081669069    48  C  WM 11448 + 8 [0]
253,0    6      159    16.081685127    48  C  WM 11456 + 8 [0]
253,0    6      160    16.081714425    48  C  WM 11512 + 8 [0]
253,0    6      161    16.081741880    48  C  WM 11528 + 8 [0]
253,0    6      162    16.081769170    48  C  WM 11720 + 8 [0]
253,0    6      163    16.081796468    48  C  WM 11992 + 8 [0]
253,0    6      164    16.081825096    48  C  WM 12024 + 8 [0]
253,0    6      165    16.081852628    48  C  WM 13304 + 8 [0]
253,0    6      166    16.081869558    48  C  WM 13312 + 8 [0]
253,0    6      167    16.081897004    48  C  WM 16777232 + 8 [0]
253,0    6      168    16.081925100    48  C  WM 20078376 + 8 [0]
253,0    6      169    16.082694705  1146  C  WM 20083912 + 8 [0]
253,0    6      170    16.082730545  1146  C  WM 25165888 + 8 [0]
253,0    6      171    16.082759228  1146  C  WM 30146592 + 8 [0]
253,0    6      172    16.082808663  1146  C   W 31297976 + 8 [0]
253,0    6      173    16.083857775    48  C   W 31297984 + 216 [0]
253,0    1       31    16.082004539 68552  Q  WM 25165888 + 8 [kworker/u16:2]
253,0    1       32    16.082055988 68552  Q  WM 30146592 + 8 [kworker/u16:2]
253,0    1       33    16.082207843 68552  Q   W 31297976 + 8 [kworker/u16:2]
253,0    1       34    16.083446214 68552  Q   W 31297984 + 216 [kworker/u16:2]
253,0    6      174    16.460994885     0  C  RA 8525704 + 256 [0]
253,0    1       35    16.458601136 17543  Q  RA 8525704 + 256 [python3]
253,0    7       11    17.043960673 17543  Q  RA 8525960 + 256 [python3]
253,0    6      175    17.046671652     0  C  RA 8525960 + 256 [0]
253,0    6      176    17.529499062     0  C   W 17402744 + 1120 [0]
253,0    6      177    17.530270075     0  C   W 3195088 + 8 [0]
253,0    0        3    17.526245002  3095  Q   W 17402744 + 1120 [postgres]
253,0    0        4    17.530166002  3095  Q   W 3195088 + 8 [postgres]
253,0    0        5    17.530780473  3095  Q   W 3194896 + 8 [postgres]
253,0    6      178    17.530868082 65616  C   W 3194896 + 8 [0]
253,0    3        7    17.600647628 17543  Q  RA 8526216 + 256 [python3]
253,0    6      179    17.601166232     0  C  RA 8526216 + 256 [0]
253,0    4        2    18.165005823 17543  Q  RA 8526472 + 256 [python3]
253,0    6      180    18.167678043     0  C  RA 8526472 + 256 [0]
253,0    5        8    18.716786251 17543  Q  RA 8526728 + 256 [python3]
253,0    6      181    18.719384425     0  C  RA 8526728 + 256 [0]
253,0    3        8    19.290835283 17543  Q  RA 8526984 + 256 [python3]
253,0    6      182    19.293486635     0  C  RA 8526984 + 256 [0]
253,0    6      183    19.887907417     0  C  RA 8527240 + 256 [0]
253,0    4        3    19.885189692 17543  Q  RA 8527240 + 256 [python3]
253,0    7       12    20.475668874 17543  Q  RA 8527496 + 256 [python3]
253,0    6      184    20.478106425     0  C  RA 8527496 + 256 [0]
253,0    7       13    20.829646832   746  Q FWFS 24728064 + 8 [jbd2/dm-0-8]
253,0    6      185    20.826295267   746  Q  WS 24727920 + 8 [jbd2/dm-0-8]
253,0    6      186    20.826347751   746  Q  WS 24727928 + 8 [jbd2/dm-0-8]
253,0    6      187    20.826377525   746  Q  WS 24727936 + 8 [jbd2/dm-0-8]
253,0    6      188    20.826404996   746  Q  WS 24727944 + 8 [jbd2/dm-0-8]
253,0    6      189    20.826432911   746  Q  WS 24727952 + 8 [jbd2/dm-0-8]
253,0    6      190    20.826460443   746  Q  WS 24727960 + 8 [jbd2/dm-0-8]
253,0    6      191    20.826488091   746  Q  WS 24727968 + 8 [jbd2/dm-0-8]
253,0    6      192    20.826516040   746  Q  WS 24727976 + 8 [jbd2/dm-0-8]
253,0    6      193    20.826543550   746  Q  WS 24727984 + 8 [jbd2/dm-0-8]
253,0    6      194    20.826571705   746  Q  WS 24727992 + 8 [jbd2/dm-0-8]
253,0    6      195    20.826599488   746  Q  WS 24728000 + 8 [jbd2/dm-0-8]
253,0    6      196    20.826626914   746  Q  WS 24728008 + 8 [jbd2/dm-0-8]
253,0    6      197    20.826654933   746  Q  WS 24728016 + 8 [jbd2/dm-0-8]
253,0    6      198    20.826682374   746  Q  WS 24728024 + 8 [jbd2/dm-0-8]
253,0    6      199    20.826709887   746  Q  WS 24728032 + 8 [jbd2/dm-0-8]
253,0    6      200    20.826738607   746  Q  WS 24728040 + 8 [jbd2/dm-0-8]
253,0    6      201    20.826766107   746  Q  WS 24728048 + 8 [jbd2/dm-0-8]
253,0    6      202    20.826793915   746  Q  WS 24728056 + 8 [jbd2/dm-0-8]
253,0    6      203    20.829034656     0  C  WS 24727920 + 8 [0]
253,0    6      204    20.829064838     0  C  WS 24727928 + 8 [0]
253,0    6      205    20.829078809     0  C  WS 24727936 + 8 [0]
253,0    6      206    20.829089530     0  C  WS 24727944 + 8 [0]
253,0    6      207    20.829099939     0  C  WS 24727952 + 8 [0]
253,0    6      208    20.829110481     0  C  WS 24727960 + 8 [0]
253,0    6      209    20.829121481     0  C  WS 24727968 + 8 [0]
253,0    6      210    20.829131904     0  C  WS 24727976 + 8 [0]
253,0    6      211    20.829142439     0  C  WS 24727984 + 8 [0]
253,0    6      212    20.829152889     0  C  WS 24727992 + 8 [0]
253,0    6      213    20.829163939     0  C  WS 24728000 + 8 [0]
253,0    6      214    20.829174502     0  C  WS 24728008 + 8 [0]
253,0    6      215    20.829185080     0  C  WS 24728016 + 8 [0]
253,0    6      216    20.829195281     0  C  WS 24728024 + 8 [0]
253,0    6      217    20.829205525     0  C  WS 24728032 + 8 [0]
253,0    6      218    20.829216335     0  C  WS 24728040 + 8 [0]
253,0    6      219    20.829228465     0  C  WS 24728048 + 8 [0]
253,0    6      220    20.829238899     0  C  WS 24728056 + 8 [0]
253,0    6      221    20.831257179     0  C WFS 24728064 + 8 [0]
253,0    6      222    21.031012116  7207  C  RA 8527752 + 256 [0]
253,0    0        6    21.030468182 17543  Q  RA 8527752 + 256 [python3]
253,0    4        4    21.199703580 65838  Q   W 31284312 + 8 [kworker/u16:0]
253,0    4        5    21.199768802 65838  Q   W 31284304 + 8 [kworker/u16:0]
253,0    4        6    21.199834572 65838  Q   W 28388536 + 8 [kworker/u16:0]
253,0    4        7    21.200029260 65838  Q   W 31295496 + 8 [kworker/u16:0]
253,0    4        8    21.200123829 65838  Q   W 31295488 + 8 [kworker/u16:0]
253,0    4        9    21.200231397 65838  Q   W 31196424 + 8 [kworker/u16:0]
253,0    4       10    21.200304398 65838  Q   W 26792352 + 8 [kworker/u16:0]
253,0    4       11    21.200537537 65838  Q   W 26792024 + 16 [kworker/u16:0]
253,0    4       12    21.200618038 65838  Q   W 26787856 + 8 [kworker/u16:0]
253,0    4       13    21.200716145 65838  Q   W 26792008 + 16 [kworker/u16:0]
253,0    4       14    21.200817273 65838  Q   W 28391736 + 8 [kworker/u16:0]
253,0    4       15    21.200940034 65838  Q   W 31283456 + 8 [kworker/u16:0]
253,0    4       16    21.201018280 65838  Q   W 26796304 + 8 [kworker/u16:0]
253,0    4       17    21.201258175 65838  Q   W 31298200 + 32 [kworker/u16:0]
253,0    4       18    21.201316349 65838  Q   W 31298192 + 8 [kworker/u16:0]
253,0    4       19    21.201399414 65838  Q   W 0 + 8 [kworker/u16:0]
253,0    4       20    21.202106141 65838  Q  WM 8 + 8 [kworker/u16:0]
253,0    4       21    21.202209305 65838  Q  WM 8600 + 8 [kworker/u16:0]
253,0    4       22    21.202291536 65838  Q  WM 8632 + 8 [kworker/u16:0]
253,0    4       23    21.202355216 65838  Q  WM 8640 + 8 [kworker/u16:0]
253,0    4       24    21.202393269 65838  Q  WM 8824 + 8 [kworker/u16:0]
253,0    4       25    21.202438687 65838  Q  WM 11384 + 8 [kworker/u16:0]
253,0    4       26    21.202485574 65838  Q  WM 11448 + 8 [kworker/u16:0]
253,0    4       27    21.202533518 65838  Q  WM 11512 + 8 [kworker/u16:0]
253,0    4       28    21.202583536 65838  Q  WM 11720 + 8 [kworker/u16:0]
253,0    4       29    21.202704584 65838  Q  WM 13312 + 8 [kworker/u16:0]
253,0    4       30    21.202800208 65838  Q  WM 16777232 + 8 [kworker/u16:0]
253,0    4       31    21.202869562 65838  Q  WM 20083912 + 8 [kworker/u16:0]
253,0    6      223    21.200582442     0  C   W 31284304 + 8 [0]
253,0    6      224    21.200608454     0  C   W 31284312 + 8 [0]
253,0    6      225    21.200652732     0  C   W 31295488 + 8 [0]
253,0    6      226    21.200671423     0  C   W 31295496 + 8 [0]
253,0    6      227    21.200717264     0  C   W 28388536 + 8 [0]
253,0    6      228    21.200771341     0  C   W 31196424 + 8 [0]
253,0    6      229    21.200803528     0  C   W 26792352 + 8 [0]
253,0    6      230    21.201708782     0  C   W 26792008 + 16 [0]
253,0    6      231    21.201778626     0  C   W 26792024 + 16 [0]
253,0    6      232    21.201820546     0  C   W 26796304 + 8 [0]
253,0    6      233    21.201851620     0  C   W 28391736 + 8 [0]
253,0    6      234    21.201881615     0  C   W 31283456 + 8 [0]
253,0    6      235    21.201934581     0  C   W 31298192 + 8 [0]
253,0    6      236    21.201953378     0  C   W 31298200 + 32 [0]
253,0    6      237    21.201992812     0  C   W 26787856 + 8 [0]
253,0    6      238    21.203369654     0  C   W 0 + 8 [0]
253,0    6      239    21.203404567     0  C  WM 8 + 8 [0]
253,0    6      240    21.203462042     0  C  WM 8600 + 8 [0]
253,0    6      241    21.203527299    48  C  WM 8632 + 8 [0]
253,0    6      242    21.203544507    48  C  WM 8640 + 8 [0]
253,0    6      243    21.203571871    48  C  WM 8824 + 8 [0]
253,0    6      244    21.203599356    48  C  WM 11384 + 8 [0]
253,0    6      245    21.203626675    48  C  WM 11448 + 8 [0]
253,0    6      246    21.203653154    48  C  WM 11512 + 8 [0]
253,0    6      247    21.203680524    48  C  WM 11720 + 8 [0]
253,0    6      248    21.203707267    48  C  WM 13312 + 8 [0]
253,0    6      249    21.203735647    48  C  WM 16777232 + 8 [0]
253,0    6      250    21.203763475    48  C  WM 20083912 + 8 [0]
253,0    0        7    21.601736056 17543  Q  RA 8528008 + 256 [python3]
253,0    6      251    21.604299642     0  C  RA 8528008 + 256 [0]
253,0    6      252    22.177891923 17543  Q  RA 8528264 + 256 [python3]
253,0    6      253    22.180565339     0  C  RA 8528264 + 256 [0]
253,0    6      254    22.737922494     0  C  RA 8528520 + 256 [0]
253,0    2       40    22.735411995 17543  Q  RA 8528520 + 256 [python3]
253,0    5        9    23.254207654 17543  Q  RA 8528776 + 256 [python3]
253,0    6      255    23.256887156     0  C  RA 8528776 + 256 [0]
253,0    4       32    23.841932223 17543  Q  RA 8529032 + 256 [python3]
253,0    6      256    23.844375882     0  C  RA 8529032 + 256 [0]
253,0    7       14    24.421379261 17543  Q  RA 8529288 + 256 [python3]
253,0    6      257    24.423972430     0  C  RA 8529288 + 256 [0]
253,0    6      258    24.990166955     0  C  RA 8529544 + 256 [0]
253,0    1       36    24.987631041 17543  Q  RA 8529544 + 256 [python3]
253,0    2       41    25.582314219 17543  Q  RA 8529800 + 256 [python3]
253,0    6      259    25.584948710     0  C  RA 8529800 + 256 [0]
253,0    7       15    26.169123531 17543  Q  RA 8530056 + 256 [python3]
253,0    6      260    26.171818645     0  C  RA 8530056 + 256 [0]
253,0    0        8    26.712720528 17543  Q  RA 8530312 + 256 [python3]
253,0    6      261    26.715281108     0  C  RA 8530312 + 256 [0]
253,0    7       16    27.087818658   746  Q  WS 24728072 + 8 [jbd2/dm-0-8]
253,0    7       17    27.087871135   746  Q  WS 24728080 + 8 [jbd2/dm-0-8]
253,0    7       18    27.087901414   746  Q  WS 24728088 + 8 [jbd2/dm-0-8]
253,0    7       19    27.087930706   746  Q  WS 24728096 + 8 [jbd2/dm-0-8]
253,0    7       20    27.087958539   746  Q  WS 24728104 + 8 [jbd2/dm-0-8]
253,0    7       21    27.087987650   746  Q  WS 24728112 + 8 [jbd2/dm-0-8]
253,0    7       22    27.088015748   746  Q  WS 24728120 + 8 [jbd2/dm-0-8]
253,0    7       23    27.088043110   746  Q  WS 24728128 + 8 [jbd2/dm-0-8]
253,0    7       24    27.088071509   746  Q  WS 24728136 + 8 [jbd2/dm-0-8]
253,0    7       25    27.090660634   746  Q FWFS 24728144 + 8 [jbd2/dm-0-8]
253,0    6      262    27.090384457     0  C  WS 24728072 + 8 [0]
253,0    6      263    27.090396315     0  C  WS 24728080 + 8 [0]
253,0    6      264    27.090407506     0  C  WS 24728088 + 8 [0]
253,0    6      265    27.090419085     0  C  WS 24728096 + 8 [0]
253,0    6      266    27.090430311     0  C  WS 24728104 + 8 [0]
253,0    6      267    27.090441330     0  C  WS 24728112 + 8 [0]
253,0    6      268    27.090452492     0  C  WS 24728120 + 8 [0]
253,0    6      269    27.090464117     0  C  WS 24728128 + 8 [0]
253,0    6      270    27.090475239     0  C  WS 24728136 + 8 [0]
253,0    6      271    27.092475310     0  C WFS 24728144 + 8 [0]
253,0    6      272    27.157024752     0  C   W 3194904 + 8 [0]
253,0    6      273    27.158205274     0  C   W 3195040 + 8 [0]
253,0    1       37    27.156788695  3095  Q   W 3194904 + 8 [postgres]
253,0    1       38    27.158041659  3095  Q   W 3195040 + 8 [postgres]
253,0    6      274    27.188822235     0  C   W 3195408 + 16 [0]
253,0    6      275    27.189600826     0  C   W 3195096 + 8 [0]
253,0    6      276    27.190035555     0  C   W 3195424 + 8 [0]
253,0    1       39    27.188677477  3095  Q   W 3195408 + 16 [postgres]
253,0    1       40    27.189477362  3095  Q   W 3195096 + 8 [postgres]
253,0    1       41    27.189934433  3095  Q   W 3195424 + 8 [postgres]
253,0    0        9    27.267747680 17543  Q  RA 8530568 + 256 [python3]
253,0    6      277    27.268407114     0  C  RA 8530568 + 256 [0]
253,0    1       42    27.819352325 17543  Q  RA 8530824 + 256 [python3]
253,0    6      278    27.821968424     0  C  RA 8530824 + 256 [0]
253,0    6      279    27.856467016    48  C   W 31284312 + 8 [0]
253,0    6      280    27.856533499    48  C   W 31298224 + 8 [0]
253,0    6      281    27.856557404    48  C   W 31298232 + 8 [0]
253,0    6      282    27.856596019    48  C   W 28391736 + 8 [0]
253,0    6      283    27.856629360    48  C   W 28388536 + 8 [0]
253,0    6      284    27.857652527     0  C   W 31295496 + 8 [0]
253,0    6      285    27.857695011     0  C  WM 8808 + 8 [0]
253,0    6      286    27.857724761     0  C  WM 9480 + 8 [0]
253,0    6      287    27.857754298     0  C  WM 13304 + 8 [0]
253,0    6      288    27.857782997     0  C  WM 3194880 + 8 [0]
253,0    6      289    27.857811696     0  C  WM 3195056 + 8 [0]
253,0    1       43    27.856854182 65838  Q  WM 8808 + 8 [kworker/u16:0]
253,0    1       44    27.856945670 65838  Q  WM 9480 + 8 [kworker/u16:0]
253,0    1       45    27.857054081 65838  Q  WM 13304 + 8 [kworker/u16:0]
253,0    1       46    27.857137679 65838  Q  WM 3194880 + 8 [kworker/u16:0]
253,0    1       47    27.857224389 65838  Q  WM 3195056 + 8 [kworker/u16:0]
253,0    0       10    27.855469721 65838  Q   W 31284312 + 8 [kworker/u16:0]
253,0    0       11    27.855582146 65838  Q   W 31298224 + 8 [kworker/u16:0]
253,0    0       12    27.855778879 65838  Q   W 31298232 + 8 [kworker/u16:0]
253,0    0       13    27.855847230 65838  Q   W 28391736 + 8 [kworker/u16:0]
253,0    0       14    27.855951600 65838  Q   W 28388536 + 8 [kworker/u16:0]
253,0    0       15    27.856066001 65838  Q   W 31295496 + 8 [kworker/u16:0]
253,0    7       26    28.395823441 17543  Q  RA 8531080 + 256 [python3]
253,0    6      290    28.398255129  3287  C  RA 8531080 + 256 [0]
253,0    6      291    28.801171917     0  C   W 3195104 + 8 [0]
253,0    6      292    28.801184515     0  C   W 17401624 + 1120 [0]
253,0    6      293    28.801194259     0  C   W 3195432 + 8 [0]
253,0    1       48    28.797977523  3095  Q   W 17401624 + 1120 [postgres]
253,0    1       49    28.798640327  3095  Q   W 3195432 + 8 [postgres]
253,0    1       50    28.798822585  3095  Q   W 3195104 + 8 [postgres]
253,0    6      294    28.920524848     0  C  RA 8531336 + 256 [0]
253,0    3        9    28.920021189 17543  Q  RA 8531336 + 256 [python3]
253,0    5       10    29.480458639 17543  Q  RA 8531592 + 256 [python3]
253,0    6      295    29.483063497     0  C  RA 8531592 + 256 [0]
253,0    4       33    29.969593867 17543  Q  RA 8531848 + 256 [python3]
253,0    6      296    29.972100808     0  C  RA 8531848 + 256 [0]
253,0    6      297    30.448124433     0  C  RA 8532104 + 256 [0]
253,0    2       42    30.445574235 17543  Q  RA 8532104 + 256 [python3]
253,0    7       27    30.914663862 17543  Q  RA 8532360 + 256 [python3]
253,0    6      298    30.917165152     0  C  RA 8532360 + 256 [0]
253,0    5       11    31.405964053 17543  Q  RA 8532616 + 256 [python3]
253,0    6      299    31.408343276     0  C  RA 8532616 + 256 [0]
253,0    2       43    31.833221661 17543  Q  RA 8532872 + 256 [python3]
253,0    6      300    31.835933210     0  C  RA 8532872 + 256 [0]
253,0    6      301    32.342135464 17543  Q  RA 8533128 + 256 [python3]
253,0    6      302    32.344753493     0  C  RA 8533128 + 256 [0]
253,0    6      303    32.532851078   746  Q  WS 24728152 + 8 [jbd2/dm-0-8]
253,0    6      304    32.532873502   746  Q  WS 24728160 + 8 [jbd2/dm-0-8]
253,0    6      305    32.532885368   746  Q  WS 24728168 + 8 [jbd2/dm-0-8]
253,0    6      306    32.532896761   746  Q  WS 24728176 + 8 [jbd2/dm-0-8]
253,0    6      307    32.532908146   746  Q  WS 24728184 + 8 [jbd2/dm-0-8]
253,0    6      308    32.532919268   746  Q  WS 24728192 + 8 [jbd2/dm-0-8]
253,0    6      309    32.532930887   746  Q  WS 24728200 + 8 [jbd2/dm-0-8]
253,0    6      310    32.532941935   746  Q  WS 24728208 + 8 [jbd2/dm-0-8]
253,0    6      311    32.532953199   746  Q  WS 24728216 + 8 [jbd2/dm-0-8]
253,0    6      312    32.532964449   746  Q  WS 24728224 + 8 [jbd2/dm-0-8]
253,0    6      313    32.532975579   746  Q  WS 24728232 + 8 [jbd2/dm-0-8]
253,0    6      314    32.532986718   746  Q  WS 24728240 + 8 [jbd2/dm-0-8]
253,0    6      315    32.532997990   746  Q  WS 24728248 + 8 [jbd2/dm-0-8]
253,0    6      316    32.533009597   746  Q  WS 24728256 + 8 [jbd2/dm-0-8]
253,0    6      317    32.533020905   746  Q  WS 24728264 + 8 [jbd2/dm-0-8]
253,0    6      318    32.533032262   746  Q  WS 24728272 + 8 [jbd2/dm-0-8]
253,0    6      319    32.533043495   746  Q  WS 24728280 + 8 [jbd2/dm-0-8]
253,0    6      320    32.533054747   746  Q  WS 24728288 + 8 [jbd2/dm-0-8]
253,0    6      321    32.533303699     0  C  WS 24728152 + 8 [0]
253,0    6      322    32.533307975     0  C  WS 24728160 + 8 [0]
253,0    6      323    32.533324172     0  C  WS 24728168 + 8 [0]
253,0    6      324    32.533328343     0  C  WS 24728176 + 8 [0]
253,0    6      325    32.533332700     0  C  WS 24728184 + 8 [0]
253,0    6      326    32.533336940     0  C  WS 24728192 + 8 [0]
253,0    6      327    32.533341271     0  C  WS 24728200 + 8 [0]
253,0    6      328    32.533345401     0  C  WS 24728208 + 8 [0]
253,0    6      329    32.533349507     0  C  WS 24728216 + 8 [0]
253,0    6      330    32.533353981     0  C  WS 24728224 + 8 [0]
253,0    6      331    32.533358325     0  C  WS 24728232 + 8 [0]
253,0    6      332    32.533362541     0  C  WS 24728240 + 8 [0]
253,0    6      333    32.533366724     0  C  WS 24728248 + 8 [0]
253,0    6      334    32.533384223     0  C  WS 24728256 + 8 [0]
253,0    6      335    32.533388506     0  C  WS 24728264 + 8 [0]
253,0    6      336    32.533392839     0  C  WS 24728272 + 8 [0]
253,0    6      337    32.533397072     0  C  WS 24728280 + 8 [0]
253,0    6      338    32.533401220     0  C  WS 24728288 + 8 [0]
253,0    6      339    32.533476086   746  Q FWFS 24728296 + 8 [jbd2/dm-0-8]
253,0    6      340    32.534778375     0  C WFS 24728296 + 8 [0]
253,0    4       34    32.538823170  3095  Q   W 17402744 + 1120 [postgres]
253,0    4       35    32.540097580  3095  Q   W 3195040 + 8 [postgres]
253,0    4       36    32.540560251  3095  Q   W 3195112 + 8 [postgres]
253,0    6      341    32.540036242     0  C   W 17402744 + 1120 [0]
253,0    6      342    32.540189686     0  C   W 3195040 + 8 [0]
253,0    6      343    32.540637532     0  C   W 3195112 + 8 [0]
253,0    3       10    32.826392369 17543  Q  RA 8533384 + 256 [python3]
253,0    6      344    32.827039869     0  C  RA 8533384 + 256 [0]
253,0    3       11    33.406266761 17543  Q  RA 8533640 + 256 [python3]
253,0    6      345    33.408975269     0  C  RA 8533640 + 256 [0]
253,0    3       12    34.003973445 17543  Q  RA 8533896 + 256 [python3]
253,0    6      346    34.006452074     0  C  RA 8533896 + 256 [0]
253,0    4       37    34.606112382 17543  Q  RA 8534152 + 256 [python3]
253,0    6      347    34.608669275     0  C  RA 8534152 + 256 [0]
253,0    4       38    35.183147315 17543  Q  RA 8534408 + 256 [python3]
253,0    6      348    35.185692795     0  C  RA 8534408 + 256 [0]
253,0    6      349    35.758350267 17543  Q  RA 8534664 + 256 [python3]
253,0    6      350    35.761026044     0  C  RA 8534664 + 256 [0]
253,0    6      351    36.336741619     0  C  RA 8534920 + 256 [0]
253,0    2       44    36.334084993 17543  Q  RA 8534920 + 256 [python3]
253,0    3       13    36.900205883 17543  Q  RA 8535176 + 256 [python3]
253,0    6      352    36.902808083     0  C  RA 8535176 + 256 [0]
253,0    6      353    37.471359368     0  C  RA 8535432 + 256 [0]
253,0    2       45    37.468771634 17543  Q  RA 8535432 + 256 [python3]
253,0    6      354    37.820875647   746  Q  WS 24728304 + 8 [jbd2/dm-0-8]
253,0    6      355    37.820892634   746  Q  WS 24728312 + 8 [jbd2/dm-0-8]
253,0    6      356    37.820903630   746  Q  WS 24728320 + 8 [jbd2/dm-0-8]
253,0    6      357    37.820913876   746  Q  WS 24728328 + 8 [jbd2/dm-0-8]
253,0    6      358    37.820924074   746  Q  WS 24728336 + 8 [jbd2/dm-0-8]
253,0    6      359    37.820930554   746  Q  WS 24728344 + 8 [jbd2/dm-0-8]
253,0    6      360    37.820939210   746  Q  WS 24728352 + 8 [jbd2/dm-0-8]
253,0    6      361    37.820949126   746  Q  WS 24728360 + 8 [jbd2/dm-0-8]
253,0    6      362    37.820959461   746  Q  WS 24728368 + 8 [jbd2/dm-0-8]
253,0    6      363    37.820966007   746  Q  WS 24728376 + 8 [jbd2/dm-0-8]
253,0    6      364    37.820971814   746  Q  WS 24728384 + 8 [jbd2/dm-0-8]
253,0    6      365    37.820977727   746  Q  WS 24728392 + 8 [jbd2/dm-0-8]
253,0    6      366    37.820983387   746  Q  WS 24728400 + 8 [jbd2/dm-0-8]
253,0    6      367    37.820989153   746  Q  WS 24728408 + 8 [jbd2/dm-0-8]
253,0    6      368    37.820994722   746  Q  WS 24728416 + 8 [jbd2/dm-0-8]
253,0    6      369    37.821000513   746  Q  WS 24728424 + 8 [jbd2/dm-0-8]
253,0    6      370    37.823104474     0  C  WS 24728304 + 8 [0]
253,0    6      371    37.823106712     0  C  WS 24728312 + 8 [0]
253,0    6      372    37.823109074     0  C  WS 24728320 + 8 [0]
253,0    6      373    37.823111310     0  C  WS 24728328 + 8 [0]
253,0    6      374    37.823113469     0  C  WS 24728336 + 8 [0]
253,0    6      375    37.823115579     0  C  WS 24728344 + 8 [0]
253,0    6      376    37.823117873     0  C  WS 24728352 + 8 [0]
253,0    6      377    37.823120078     0  C  WS 24728360 + 8 [0]
253,0    6      378    37.823122248     0  C  WS 24728368 + 8 [0]
253,0    6      379    37.823124332     0  C  WS 24728376 + 8 [0]
253,0    6      380    37.823126607     0  C  WS 24728384 + 8 [0]
253,0    6      381    37.823128653     0  C  WS 24728392 + 8 [0]
253,0    6      382    37.823130825     0  C  WS 24728400 + 8 [0]
253,0    6      383    37.823132911     0  C  WS 24728408 + 8 [0]
253,0    6      384    37.823135152     0  C  WS 24728416 + 8 [0]
253,0    6      385    37.823137514     0  C  WS 24728424 + 8 [0]
253,0    6      386    37.823174816   746  Q FWFS 24728432 + 8 [jbd2/dm-0-8]
253,0    6      387    37.824574631     0  C WFS 24728432 + 8 [0]
253,0    6      388    38.037864486  3544  C  RA 8535688 + 256 [0]
253,0    2       46    38.037165442 17543  Q  RA 8535688 + 256 [python3]
253,0    7       28    38.099514787 68552  Q   W 31298232 + 8 [kworker/u16:2]
253,0    7       29    38.099831702 68552  Q   W 31298240 + 88 [kworker/u16:2]
253,0    7       30    38.099893881 68552  Q   W 31284312 + 8 [kworker/u16:2]
253,0    7       31    38.099971949 68552  Q   W 0 + 8 [kworker/u16:2]
253,0    7       32    38.100017559 68552  Q  WM 8 + 8 [kworker/u16:2]
253,0    7       33    38.100071969 68552  Q  WM 8600 + 8 [kworker/u16:2]
253,0    7       34    38.100117664 68552  Q  WM 8632 + 8 [kworker/u16:2]
253,0    7       35    38.100165010 68552  Q  WM 8640 + 8 [kworker/u16:2]
253,0    7       36    38.100226992 68552  Q  WM 8824 + 8 [kworker/u16:2]
253,0    7       37    38.100308553 68552  Q  WM 11384 + 8 [kworker/u16:2]
253,0    7       38    38.100398982 68552  Q  WM 11456 + 8 [kworker/u16:2]
253,0    7       39    38.100490363 68552  Q  WM 11512 + 8 [kworker/u16:2]
253,0    7       40    38.100583754 68552  Q  WM 11720 + 8 [kworker/u16:2]
253,0    7       41    38.100679174 68552  Q  WM 11976 + 8 [kworker/u16:2]
253,0    7       42    38.100807656 68552  Q  WM 13312 + 8 [kworker/u16:2]
253,0    7       43    38.100920808 68552  Q  WM 16777232 + 8 [kworker/u16:2]
253,0    7       44    38.100977351 68552  Q  WM 20083912 + 8 [kworker/u16:2]
253,0    7       45    38.101108109 68552  Q   W 26792008 + 8 [kworker/u16:2]
253,0    6      389    38.101744334     0  C   W 31298232 + 8 [0]
253,0    6      390    38.101780271     0  C   W 31298240 + 88 [0]
253,0    6      391    38.101851962     0  C   W 31284312 + 8 [0]
253,0    6      392    38.101910813     0  C   W 0 + 8 [0]
253,0    6      393    38.101944527     0  C  WM 8 + 8 [0]
253,0    6      394    38.101996194     0  C  WM 8600 + 8 [0]
253,0    6      395    38.102047362     0  C  WM 8632 + 8 [0]
253,0    6      396    38.102078969     0  C  WM 8640 + 8 [0]
253,0    6      397    38.102130407     0  C  WM 8824 + 8 [0]
253,0    6      398    38.102182406     0  C  WM 11384 + 8 [0]
253,0    6      399    38.102233838     0  C  WM 11456 + 8 [0]
253,0    6      400    38.102284741     0  C  WM 11512 + 8 [0]
253,0    6      401    38.102334784     0  C  WM 11720 + 8 [0]
253,0    6      402    38.102385889     0  C  WM 11976 + 8 [0]
253,0    6      403    38.102437657     0  C  WM 13312 + 8 [0]
253,0    6      404    38.102489275     0  C  WM 16777232 + 8 [0]
253,0    6      405    38.102540469     0  C  WM 20083912 + 8 [0]
253,0    6      406    38.102733906     0  C   W 26792008 + 8 [0]
253,0    0       16    38.621875944 17543  Q  RA 8535944 + 256 [python3]
253,0    6      407    38.624402572     0  C  RA 8535944 + 256 [0]
253,0    7       46    39.197682272 17543  Q  RA 8536200 + 256 [python3]
253,0    6      408    39.200205505     0  C  RA 8536200 + 256 [0]
253,0    4       39    39.733626535 17543  Q  RA 8536456 + 256 [python3]
253,0    6      409    39.736205693 68898  C  RA 8536456 + 256 [0]
253,0    0       17    40.268941879 17543  Q  RA 8536712 + 256 [python3]
253,0    6      410    40.271551550    48  C  RA 8536712 + 256 [0]
253,0    6      411    40.873668699 17543  Q  RA 8536968 + 256 [python3]
253,0    6      412    40.876312442     0  C  RA 8536968 + 256 [0]
253,0    1       51    41.420819232 17543  Q  RA 8537224 + 256 [python3]
253,0    6      413    41.423426976    48  C  RA 8537224 + 256 [0]
253,0    7       47    41.968055584 17543  Q  RA 8537480 + 256 [python3]
253,0    6      414    41.970588428     0  C  RA 8537480 + 256 [0]
253,0    6      415    42.533342493 65616  C  RA 8537736 + 256 [0]
253,0    1       52    42.530939060 17543  Q  RA 8537736 + 256 [python3]
253,0    2       47    42.950042103   746  Q  WS 24728440 + 8 [jbd2/dm-0-8]
253,0    2       48    42.950094145   746  Q  WS 24728448 + 8 [jbd2/dm-0-8]
253,0    2       49    42.950124400   746  Q  WS 24728456 + 8 [jbd2/dm-0-8]
253,0    2       50    42.950152299   746  Q  WS 24728464 + 8 [jbd2/dm-0-8]
253,0    2       51    42.950180677   746  Q  WS 24728472 + 8 [jbd2/dm-0-8]
253,0    2       52    42.950224630   746  Q  WS 24728480 + 8 [jbd2/dm-0-8]
253,0    2       53    42.950274860   746  Q  WS 24728488 + 8 [jbd2/dm-0-8]
253,0    2       54    42.950324815   746  Q  WS 24728496 + 8 [jbd2/dm-0-8]
253,0    2       55    42.950375800   746  Q  WS 24728504 + 8 [jbd2/dm-0-8]
253,0    2       56    42.952943128   746  Q FWFS 24728512 + 8 [jbd2/dm-0-8]
253,0    6      416    42.952625421     0  C  WS 24728440 + 8 [0]
253,0    6      417    42.952637948     0  C  WS 24728448 + 8 [0]
253,0    6      418    42.952649596     0  C  WS 24728456 + 8 [0]
253,0    6      419    42.952660855     0  C  WS 24728464 + 8 [0]
253,0    6      420    42.952672485     0  C  WS 24728472 + 8 [0]
253,0    6      421    42.952683475     0  C  WS 24728480 + 8 [0]
253,0    6      422    42.952694421     0  C  WS 24728488 + 8 [0]
253,0    6      423    42.952705777     0  C  WS 24728496 + 8 [0]
253,0    6      424    42.952717534     0  C  WS 24728504 + 8 [0]
253,0    6      425    42.954598984     0  C WFS 24728512 + 8 [0]
253,0    6      426    43.058281175 17543  Q  RA 8537992 + 256 [python3]
253,0    6      427    43.058924391     0  C  RA 8537992 + 256 [0]
253,0    0       18    43.215545585 65838  Q   W 28391736 + 8 [kworker/u16:0]
253,0    0       19    43.215627769 65838  Q   W 31283456 + 8 [kworker/u16:0]
253,0    0       20    43.215695954 65838  Q   W 28390336 + 8 [kworker/u16:0]
253,0    0       21    43.215909297 65838  Q   W 28390344 + 8 [kworker/u16:0]
253,0    0       22    43.215971949 65838  Q   W 28388536 + 8 [kworker/u16:0]
253,0    0       23    43.216037040 65838  Q   W 31295496 + 8 [kworker/u16:0]
253,0    0       24    43.216250475 65838  Q   W 31298328 + 16 [kworker/u16:0]
253,0    0       25    43.216308401 65838  Q   W 31298320 + 8 [kworker/u16:0]
253,0    0       26    43.216401140 65838  Q   W 26792016 + 16 [kworker/u16:0]
253,0    0       27    43.216469129 65838  Q   W 26792008 + 8 [kworker/u16:0]
253,0    0       28    43.216546486 65838  Q  WM 8808 + 8 [kworker/u16:0]
253,0    0       29    43.216599112 65838  Q  WM 9480 + 8 [kworker/u16:0]
253,0    0       30    43.216651347 65838  Q  WM 11448 + 8 [kworker/u16:0]
253,0    0       31    43.216705143 65838  Q  WM 11456 + 8 [kworker/u16:0]
253,0    6      428    43.217109929  2994  C   W 28391736 + 8 [0]
253,0    6      429    43.217152611  2994  C   W 31283456 + 8 [0]
253,0    6      430    43.217187785  2994  C   W 31295496 + 8 [0]
253,0    6      431    43.217222048  2994  C   W 31298320 + 8 [0]
253,0    6      432    43.217242381  2994  C   W 31298328 + 16 [0]
253,0    6      433    43.217284506  2994  C   W 28390336 + 8 [0]
253,0    6      434    43.217305690  2994  C   W 28390344 + 8 [0]
253,0    6      435    43.217330524  2994  C   W 28388536 + 8 [0]
253,0    6      436    43.217364854  2994  C   W 26792008 + 8 [0]
253,0    6      437    43.217385311  2994  C   W 26792016 + 16 [0]
253,0    6      438    43.217426215  2994  C  WM 8808 + 8 [0]
253,0    6      439    43.217458876  2994  C  WM 9480 + 8 [0]
253,0    6      440    43.217508502  2994  C  WM 11448 + 8 [0]
253,0    6      441    43.217527259  2994  C  WM 11456 + 8 [0]
253,0    7       48    43.658121242 17543  Q  RA 8538248 + 256 [python3]
253,0    6      442    43.660643416     0  C  RA 8538248 + 256 [0]
253,0    7       49    43.801933760  3095  Q   W 17401624 + 1120 [postgres]
253,0    7       50    43.802667804  3095  Q   W 3195104 + 8 [postgres]
253,0    7       51    43.802868745  3095  Q   W 3194896 + 8 [postgres]
253,0    6      443    43.803212428     0  C   W 17401624 + 1120 [0]
253,0    6      444    43.803223035     0  C   W 3195104 + 8 [0]
253,0    6      445    43.803227928     0  C   W 3194896 + 8 [0]
253,0    3       14    44.159111886 17543  Q  RA 8538504 + 256 [python3]
253,0    6      446    44.161649095     0  C  RA 8538504 + 256 [0]
253,0    5       12    44.726726970 17543  Q  RA 8538760 + 256 [python3]
253,0    6      447    44.729406831     0  C  RA 8538760 + 256 [0]
253,0    6      448    45.285650979     0  C  RA 8539016 + 256 [0]
253,0    7       52    45.283138283 17543  Q  RA 8539016 + 256 [python3]
253,0    4       40    45.820066903 17543  Q  RA 8539272 + 256 [python3]
253,0    6      449    45.822510321     0  C  RA 8539272 + 256 [0]
253,0    1       53    46.383750972 17543  Q  RA 8539528 + 256 [python3]
253,0    6      450    46.386352026     0  C  RA 8539528 + 256 [0]
253,0    2       57    46.886739276 17543  Q  RA 8539784 + 256 [python3]
253,0    6      451    46.889391899     0  C  RA 8539784 + 256 [0]
253,0    6      452    46.993354550     0  C   W 3194904 + 8 [0]
253,0    6      453    46.994196667     0  C   W 3195024 + 8 [0]
253,0    7       53    46.993119121  3095  Q   W 3194904 + 8 [postgres]
253,0    7       54    46.994033344  3095  Q   W 3195024 + 8 [postgres]
253,0    1       54    47.031722121  3095  Q   W 17408000 + 1120 [postgres]
253,0    1       55    47.033261750  3095  Q   W 3195032 + 8 [postgres]
253,0    1       56    47.033674271  3095  Q   W 3195088 + 8 [postgres]
253,0    6      454    47.032933442     0  C   W 17408000 + 1120 [0]
253,0    6      455    47.033335158     0  C   W 3195032 + 8 [0]
253,0    6      456    47.033755895     0  C   W 3195088 + 8 [0]
253,0    5       13    47.405699356 17543  Q  RA 8540040 + 256 [python3]
253,0    6      457    47.408387208     0  C  RA 8540040 + 256 [0]
253,0    1       57    47.634766419  3095  Q   W 17409120 + 1120 [postgres]
253,0    1       58    47.635483567  3095  Q   W 3195096 + 8 [postgres]
253,0    1       59    47.635659741  3095  Q   W 3195120 + 8 [postgres]
253,0    6      458    47.635996629     0  C   W 17409120 + 1120 [0]
253,0    6      459    47.636005821     0  C   W 3195096 + 8 [0]
253,0    6      460    47.636010263     0  C   W 3195120 + 8 [0]
253,0    7       55    47.910331389 17543  Q  RA 8540296 + 256 [python3]
253,0    6      461    47.910870484     0  C  RA 8540296 + 256 [0]
253,0    2       58    48.229794186   746  Q  WS 24728520 + 8 [jbd2/dm-0-8]
253,0    2       59    48.229858462   746  Q  WS 24728528 + 8 [jbd2/dm-0-8]
253,0    2       60    48.229910879   746  Q  WS 24728536 + 8 [jbd2/dm-0-8]
253,0    2       61    48.229959612   746  Q  WS 24728544 + 8 [jbd2/dm-0-8]
253,0    2       62    48.230005664   746  Q  WS 24728552 + 8 [jbd2/dm-0-8]
253,0    2       63    48.230047148   746  Q  WS 24728560 + 8 [jbd2/dm-0-8]
253,0    2       64    48.230088327   746  Q  WS 24728568 + 8 [jbd2/dm-0-8]
253,0    2       65    48.230130915   746  Q  WS 24728576 + 8 [jbd2/dm-0-8]
253,0    2       66    48.230174406   746  Q  WS 24728584 + 8 [jbd2/dm-0-8]
253,0    2       67    48.230218097   746  Q  WS 24728592 + 8 [jbd2/dm-0-8]
253,0    2       68    48.230261917   746  Q  WS 24728600 + 8 [jbd2/dm-0-8]
253,0    2       69    48.230309300   746  Q  WS 24728608 + 8 [jbd2/dm-0-8]
253,0    2       70    48.230360491   746  Q  WS 24728616 + 8 [jbd2/dm-0-8]
253,0    2       71    48.230410634   746  Q  WS 24728624 + 8 [jbd2/dm-0-8]
253,0    2       72    48.230460051   746  Q  WS 24728632 + 8 [jbd2/dm-0-8]
253,0    2       73    48.230509946   746  Q  WS 24728640 + 8 [jbd2/dm-0-8]
253,0    2       74    48.230553755   746  Q  WS 24728648 + 8 [jbd2/dm-0-8]
253,0    2       75    48.230607171   746  Q  WS 24728656 + 8 [jbd2/dm-0-8]
253,0    6      462    48.233016404     0  C  WS 24728520 + 8 [0]
253,0    6      463    48.233039547     0  C  WS 24728528 + 8 [0]
253,0    6      464    48.233060731     0  C  WS 24728536 + 8 [0]
253,0    6      465    48.233081059     0  C  WS 24728544 + 8 [0]
253,0    6      466    48.233102501     0  C  WS 24728552 + 8 [0]
253,0    6      467    48.233119327     0  C  WS 24728560 + 8 [0]
253,0    6      468    48.233136913     0  C  WS 24728568 + 8 [0]
253,0    6      469    48.233153262     0  C  WS 24728576 + 8 [0]
253,0    6      470    48.233170352     0  C  WS 24728584 + 8 [0]
253,0    6      471    48.233187829     0  C  WS 24728592 + 8 [0]
253,0    6      472    48.233205757     0  C  WS 24728600 + 8 [0]
253,0    6      473    48.233225152     0  C  WS 24728608 + 8 [0]
253,0    6      474    48.233243406     0  C  WS 24728616 + 8 [0]
253,0    6      475    48.233263963     0  C  WS 24728624 + 8 [0]
253,0    6      476    48.233283950     0  C  WS 24728632 + 8 [0]
253,0    6      477    48.233304442     0  C  WS 24728640 + 8 [0]
253,0    6      478    48.233324890     0  C  WS 24728648 + 8 [0]
253,0    6      479    48.233343055     0  C  WS 24728656 + 8 [0]
253,0    6      480    48.233750446   746  Q FWFS 24728664 + 8 [jbd2/dm-0-8]
253,0    6      481    48.235442291     0  C WFS 24728664 + 8 [0]
253,0    6      482    48.459266940     0  C  RA 8540552 + 256 [0]
253,0    3       15    48.458617322 17543  Q  RA 8540552 + 256 [python3]
253,0    5       14    48.985477708 17543  Q  RA 8540808 + 256 [python3]
253,0    6      483    48.988158880     0  C  RA 8540808 + 256 [0]
253,0    3       16    49.588298208 17543  Q  RA 8541064 + 256 [python3]
253,0    6      484    49.590825934     0  C  RA 8541064 + 256 [0]
253,0    2       76    50.181467668 17543  Q  RA 8541320 + 256 [python3]
253,0    6      485    50.184156536     0  C  RA 8541320 + 256 [0]
253,0    5       15    50.771232832 17543  Q  RA 8541576 + 256 [python3]
253,0    6      486    50.773703091     0  C  RA 8541576 + 256 [0]
253,0    2       77    51.344831743 17543  Q  RA 8541832 + 256 [python3]
253,0    6      487    51.347483850     0  C  RA 8541832 + 256 [0]
253,0    3       17    51.931727987 17543  Q  RA 8542088 + 256 [python3]
253,0    6      488    51.934414953     0  C  RA 8542088 + 256 [0]
253,0    6      489    52.466655040  1146  C  RA 8542344 + 40 [0]
253,0    6      490    52.466784134     0  C  RA 8542392 + 208 [0]
253,0    5       16    52.464320872 17543  Q  RA 8542344 + 40 [python3]
253,0    5       17    52.465440628 17543  Q  RA 8542392 + 208 [python3]
253,0    4       41    53.018317865 17543  Q  RA 8542600 + 256 [python3]
253,0    6      491    53.020850321     0  C  RA 8542600 + 256 [0]
253,0    6      492    53.613026934 17543  Q  RA 8542856 + 256 [python3]
253,0    6      493    53.615602454     0  C  RA 8542856 + 256 [0]
253,0    6      494    53.969581953     0  C  WS 24728672 + 8 [0]
253,0    6      495    53.969584567     0  C  WS 24728680 + 8 [0]
253,0    6      496    53.969586997     0  C  WS 24728688 + 8 [0]
253,0    6      497    53.969589675     0  C  WS 24728696 + 8 [0]
253,0    6      498    53.969592201     0  C  WS 24728704 + 8 [0]
253,0    6      499    53.969594662     0  C  WS 24728712 + 8 [0]
253,0    6      500    53.969597143     0  C  WS 24728720 + 8 [0]
253,0    6      501    53.969599805     0  C  WS 24728728 + 8 [0]
253,0    6      502    53.971059049     0  C WFS 24728736 + 8 [0]
253,0    5       18    53.967427197   746  Q  WS 24728672 + 8 [jbd2/dm-0-8]
253,0    5       19    53.967441027   746  Q  WS 24728680 + 8 [jbd2/dm-0-8]
253,0    5       20    53.967447650   746  Q  WS 24728688 + 8 [jbd2/dm-0-8]
253,0    5       21    53.967453710   746  Q  WS 24728696 + 8 [jbd2/dm-0-8]
253,0    5       22    53.967459916   746  Q  WS 24728704 + 8 [jbd2/dm-0-8]
253,0    5       23    53.967465904   746  Q  WS 24728712 + 8 [jbd2/dm-0-8]
253,0    5       24    53.967471945   746  Q  WS 24728720 + 8 [jbd2/dm-0-8]
253,0    5       25    53.967477961   746  Q  WS 24728728 + 8 [jbd2/dm-0-8]
253,0    5       26    53.969659908   746  Q FWFS 24728736 + 8 [jbd2/dm-0-8]
253,0    6      503    54.121846692     0  C  RA 8543112 + 256 [0]
253,0    5       27    54.121214069 17543  Q  RA 8543112 + 256 [python3]
253,0    3       18    54.691030853 17543  Q  RA 8543368 + 256 [python3]
253,0    6      504    54.693612235     0  C  RA 8543368 + 256 [0]
253,0    6      505    55.254892132 17543  Q  RA 8543624 + 256 [python3]
253,0    6      506    55.257405190  3544  C  RA 8543624 + 256 [0]
253,0    2       78    55.858157895 17543  Q  RA 8543880 + 256 [python3]
253,0    6      507    55.860743258     0  C  RA 8543880 + 256 [0]
253,0    4       42    56.428672320 17543  Q  RA 8544136 + 256 [python3]
253,0    6      508    56.431508956     0  C  RA 8544136 + 256 [0]
253,0    1       60    56.968909542 17543  Q  RA 8544392 + 256 [python3]
253,0    6      509    56.971466346     0  C  RA 8544392 + 256 [0]
253,0    3       19    57.526889067 17543  Q  RA 8544648 + 256 [python3]
253,0    6      510    57.529508751  4710  C  RA 8544648 + 256 [0]
253,0    3       20    58.059740898 17543  Q  RA 8544904 + 256 [python3]
253,0    6      511    58.062419674     0  C  RA 8544904 + 256 [0]
253,0    2       79    58.624559089 17543  Q  RA 8545160 + 256 [python3]
253,0    6      512    58.627103345     0  C  RA 8545160 + 256 [0]
253,0    1       61    58.798495887  3095  Q   W 17401624 + 1120 [postgres]
253,0    1       62    58.799158044  3095  Q   W 3195040 + 8 [postgres]
253,0    1       63    58.799346639  3095  Q   W 3195088 + 8 [postgres]
253,0    6      513    58.799710462     0  C   W 17401624 + 1120 [0]
253,0    6      514    58.799726513     0  C   W 3195040 + 8 [0]
253,0    6      515    58.799736012     0  C   W 3195088 + 8 [0]
253,0    2       80    59.123217178 17543  Q  RA 8545416 + 256 [python3]
253,0    6      516    59.125834028     0  C  RA 8545416 + 256 [0]
253,0    2       81    59.695399521 17543  Q  RA 8545672 + 256 [python3]
253,0    6      517    59.697933299     0  C  RA 8545672 + 256 [0]
253,0    5       28    59.859734926   746  Q  WS 24728744 + 8 [jbd2/dm-0-8]
253,0    5       29    59.859788935   746  Q  WS 24728752 + 8 [jbd2/dm-0-8]
253,0    5       30    59.859824429   746  Q  WS 24728760 + 8 [jbd2/dm-0-8]
253,0    5       31    59.859859046   746  Q  WS 24728768 + 8 [jbd2/dm-0-8]
253,0    5       32    59.859893886   746  Q  WS 24728776 + 8 [jbd2/dm-0-8]
253,0    5       33    59.859926868   746  Q  WS 24728784 + 8 [jbd2/dm-0-8]
253,0    5       34    59.859961740   746  Q  WS 24728792 + 8 [jbd2/dm-0-8]
253,0    5       35    59.859998272   746  Q  WS 24728800 + 8 [jbd2/dm-0-8]
253,0    5       36    59.860033014   746  Q  WS 24728808 + 8 [jbd2/dm-0-8]
253,0    5       37    59.860068442   746  Q  WS 24728816 + 8 [jbd2/dm-0-8]
253,0    5       38    59.860103118   746  Q  WS 24728824 + 8 [jbd2/dm-0-8]
253,0    5       39    59.860138740   746  Q  WS 24728832 + 8 [jbd2/dm-0-8]
253,0    5       40    59.860173469   746  Q  WS 24728840 + 8 [jbd2/dm-0-8]
253,0    5       41    59.860208634   746  Q  WS 24728848 + 8 [jbd2/dm-0-8]
253,0    5       42    59.860243731   746  Q  WS 24728856 + 8 [jbd2/dm-0-8]
253,0    5       43    59.860278418   746  Q  WS 24728864 + 8 [jbd2/dm-0-8]
253,0    5       44    59.860312559   746  Q  WS 24728872 + 8 [jbd2/dm-0-8]
253,0    5       45    59.860969992   746  Q FWFS 24728880 + 8 [jbd2/dm-0-8]
253,0    6      518    59.860647673     0  C  WS 24728744 + 8 [0]
253,0    6      519    59.860656012     0  C  WS 24728752 + 8 [0]
253,0    6      520    59.860664315     0  C  WS 24728760 + 8 [0]
253,0    6      521    59.860671935     0  C  WS 24728768 + 8 [0]
253,0    6      522    59.860679540     0  C  WS 24728776 + 8 [0]
253,0    6      523    59.860687217     0  C  WS 24728784 + 8 [0]
253,0    6      524    59.860696849     0  C  WS 24728792 + 8 [0]
253,0    6      525    59.860704461     0  C  WS 24728800 + 8 [0]
253,0    6      526    59.860711827     0  C  WS 24728808 + 8 [0]
253,0    6      527    59.860719437     0  C  WS 24728816 + 8 [0]
253,0    6      528    59.860727079     0  C  WS 24728824 + 8 [0]
253,0    6      529    59.860734403     0  C  WS 24728832 + 8 [0]
253,0    6      530    59.860741896     0  C  WS 24728840 + 8 [0]
253,0    6      531    59.860749221     0  C  WS 24728848 + 8 [0]
253,0    6      532    59.860757222     0  C  WS 24728856 + 8 [0]
253,0    6      533    59.860764638     0  C  WS 24728864 + 8 [0]
253,0    6      534    59.860772052     0  C  WS 24728872 + 8 [0]
253,0    6      535    59.862387576     0  C WFS 24728880 + 8 [0]
253,0    6      536    60.226625322 17543  Q  RA 8545928 + 256 [python3]
253,0    6      537    60.229164840    48  C  RA 8545928 + 256 [0]
253,0    4       43    60.767631928 17543  Q  RA 8546184 + 256 [python3]
CPU0 (253,0):
 Reads Queued:           8,     1024KiB	 Writes Queued:          23,      656KiB
 Read Dispatches:        0,        0KiB	 Write Dispatches:        0,        0KiB
 Reads Requeued:         0		 Writes Requeued:         0
 Reads Completed:        0,        0KiB	 Writes Completed:        0,        0KiB
 Read Merges:            0,        0KiB	 Write Merges:            0,        0KiB
 Read depth:             0        	 Write depth:             0
 IO unplugs:             0        	 Timer unplugs:           0
CPU1 (253,0):
 Reads Queued:          12,     1536KiB	 Writes Queued:          51,     2684KiB
 Read Dispatches:        0,        0KiB	 Write Dispatches:        0,        0KiB
 Reads Requeued:         0		 Writes Requeued:         0
 Reads Completed:        0,        0KiB	 Writes Completed:        0,        0KiB
 Read Merges:            0,        0KiB	 Write Merges:            0,        0KiB
 Read depth:             0        	 Write depth:             0
 IO unplugs:             0        	 Timer unplugs:           0
CPU2 (253,0):
 Reads Queued:          18,     2304KiB	 Writes Queued:          63,      252KiB
 Read Dispatches:        0,        0KiB	 Write Dispatches:        0,        0KiB
 Reads Requeued:         0		 Writes Requeued:         0
 Reads Completed:        0,        0KiB	 Writes Completed:        0,        0KiB
 Read Merges:            0,        0KiB	 Write Merges:            0,        0KiB
 Read depth:             0        	 Write depth:             0
 IO unplugs:             0        	 Timer unplugs:           0
CPU3 (253,0):
 Reads Queued:          20,     2560KiB	 Writes Queued:           0,        0KiB
 Read Dispatches:        0,        0KiB	 Write Dispatches:        0,        0KiB
 Reads Requeued:         0		 Writes Requeued:         0
 Reads Completed:        0,        0KiB	 Writes Completed:        0,        0KiB
 Read Merges:            0,        0KiB	 Write Merges:            0,        0KiB
 Read depth:             0        	 Write depth:             0
 IO unplugs:             0        	 Timer unplugs:           0
CPU4 (253,0):
 Reads Queued:          12,     1536KiB	 Writes Queued:          31,      700KiB
 Read Dispatches:        0,        0KiB	 Write Dispatches:        0,        0KiB
 Reads Requeued:         0		 Writes Requeued:         0
 Reads Completed:        0,        0KiB	 Writes Completed:        0,        0KiB
 Read Merges:            0,        0KiB	 Write Merges:            0,        0KiB
 Read depth:             0        	 Write depth:             0
 IO unplugs:             0        	 Timer unplugs:           0
CPU5 (253,0):
 Reads Queued:          13,     1532KiB	 Writes Queued:          32,      684KiB
 Read Dispatches:        0,        0KiB	 Write Dispatches:        0,        0KiB
 Reads Requeued:         0		 Writes Requeued:         0
 Reads Completed:        0,        0KiB	 Writes Completed:        0,        0KiB
 Read Merges:            0,        0KiB	 Write Merges:            0,        0KiB
 Read depth:             0        	 Write depth:             0
 IO unplugs:             0        	 Timer unplugs:           0
CPU6 (253,0):
 Reads Queued:          13,     1664KiB	 Writes Queued:          87,      348KiB
 Read Dispatches:        0,        0KiB	 Write Dispatches:        0,        0KiB
 Reads Requeued:         0		 Writes Requeued:         0
 Reads Completed:      110,    13948KiB	 Writes Completed:      327,     6640KiB
 Read Merges:            0,        0KiB	 Write Merges:            0,        0KiB
 Read depth:             0        	 Write depth:             0
 IO unplugs:             0        	 Timer unplugs:           0
CPU7 (253,0):
 Reads Queued:          15,     1920KiB	 Writes Queued:          40,     1316KiB
 Read Dispatches:        0,        0KiB	 Write Dispatches:        0,        0KiB
 Reads Requeued:         0		 Writes Requeued:         0
 Reads Completed:        0,        0KiB	 Writes Completed:        0,        0KiB
 Read Merges:            0,        0KiB	 Write Merges:            0,        0KiB
 Read depth:             0        	 Write depth:             0
 IO unplugs:             0        	 Timer unplugs:           0

Total (253,0):
 Reads Queued:         111,    14076KiB	 Writes Queued:         327,     6640KiB
 Read Dispatches:        0,        0KiB	 Write Dispatches:        0,        0KiB
 Reads Requeued:         0		 Writes Requeued:         0
 Reads Completed:      110,    13948KiB	 Writes Completed:      327,     6640KiB
 Read Merges:            0,        0KiB	 Write Merges:            0,        0KiB
 IO unplugs:             0        	 Timer unplugs:           0

Throughput (R/W): 229KiB/s / 109KiB/s
Events (253,0): 875 entries
Skips: 0 forward (0 -   0.0%)
